keeplive/build/outputs/logs/manifest-merger-debug-report.txt
-- Merging decision tree log ---
manifest
ADDED from src\main\AndroidManifest.xml:1:1-15:12
INJECTED from src\main\AndroidManifest.xml:1:1-15:12
INJECTED from src\main\AndroidManifest.xml:1:1-15:12
	package
		ADDED from src\main\AndroidManifest.xml:2:5-34
		INJECTED from src\main\AndroidManifest.xml
		INJECTED from src\main\AndroidManifest.xml
	xmlns:android
		ADDED from src\main\AndroidManifest.xml:1:11-69
uses-permission#android.permission.FOREGROUND_SERVICE
ADDED from src\main\AndroidManifest.xml:3:5-77
	android:name
		ADDED from src\main\AndroidManifest.xml:3:22-74
uses-permission#android.permission.GET_TASKS
ADDED from src\main\AndroidManifest.xml:4:5-67
	android:name
		ADDED from src\main\AndroidManifest.xml:4:22-65
uses-permission#android.permission.RECEIVE_BOOT_COMPLETED
ADDED from src\main\AndroidManifest.xml:5:5-81
	android:name
		ADDED from src\main\AndroidManifest.xml:5:22-78
uses-permission#android.permission.REORDER_TASKS
ADDED from src\main\AndroidManifest.xml:6:5-71
	android:name
		ADDED from src\main\AndroidManifest.xml:6:22-69
application
ADDED from src\main\AndroidManifest.xml:7:5-14:19
receiver#com.fanjun.keeplive.receiver.NotificationClickReceiver
ADDED from src\main\AndroidManifest.xml:8:9-90
	android:name
		ADDED from src\main\AndroidManifest.xml:8:19-88
activity#com.fanjun.keeplive.activity.OnePixelActivity
ADDED from src\main\AndroidManifest.xml:9:9-191
	android:excludeFromRecents
		ADDED from src\main\AndroidManifest.xml:9:156-189
	android:launchMode
		ADDED from src\main\AndroidManifest.xml:9:120-155
	android:theme
		ADDED from src\main\AndroidManifest.xml:9:80-119
	android:name
		ADDED from src\main\AndroidManifest.xml:9:19-79
service#com.fanjun.keeplive.service.LocalService
ADDED from src\main\AndroidManifest.xml:10:9-75
	android:name
		ADDED from src\main\AndroidManifest.xml:10:18-73
service#com.fanjun.keeplive.service.HideForegroundService
ADDED from src\main\AndroidManifest.xml:11:9-84
	android:name
		ADDED from src\main\AndroidManifest.xml:11:18-82
service#com.fanjun.keeplive.service.JobHandlerService
ADDED from src\main\AndroidManifest.xml:12:9-137
	android:permission
		ADDED from src\main\AndroidManifest.xml:12:79-135
	android:name
		ADDED from src\main\AndroidManifest.xml:12:18-78
service#com.fanjun.keeplive.service.RemoteService
ADDED from src\main\AndroidManifest.xml:13:9-102
	android:process
		ADDED from src\main\AndroidManifest.xml:13:75-100
	android:name
		ADDED from src\main\AndroidManifest.xml:13:18-74
uses-sdk
INJECTED from src\main\AndroidManifest.xml reason: use-sdk injection requested
INJECTED from src\main\AndroidManifest.xml
INJECTED from src\main\AndroidManifest.xml
INJECTED from src\main\AndroidManifest.xml
INJECTED from src\main\AndroidManifest.xml
	android:targetSdkVersion
		INJECTED from src\main\AndroidManifest.xml
		ADDED from src\main\AndroidManifest.xml
		INJECTED from src\main\AndroidManifest.xml
	android:minSdkVersion
		INJECTED from src\main\AndroidManifest.xml
		ADDED from src\main\AndroidManifest.xml
		INJECTED from src\main\AndroidManifest.xml